<?xml version="1.0" encoding="UTF-8"?>
<coverage generated="1769236862150" clover="3.2.0">
  <project timestamp="1769236862150" name="All files">
    <metrics statements="112" coveredstatements="96" conditionals="61" coveredconditionals="50" methods="19" coveredmethods="16" elements="192" coveredelements="162" complexity="0" loc="112" ncloc="112" packages="6" files="13" classes="13"/>
    <package name="src">
      <metrics statements="5" coveredstatements="5" conditionals="12" coveredconditionals="6" methods="0" coveredmethods="0"/>
      <file name="data-source.ts" path="/Users/ja.shuvro/workspace/project/backend/anycomp-server/src/data-source.ts">
        <metrics statements="5" coveredstatements="5" conditionals="12" coveredconditionals="6" methods="0" coveredmethods="0"/>
        <line num="1" count="1" type="stmt"/>
        <line num="2" count="1" type="stmt"/>
        <line num="3" count="1" type="stmt"/>
        <line num="5" count="1" type="stmt"/>
        <line num="7" count="1" type="stmt"/>
      </file>
    </package>
    <package name="src.config">
      <metrics statements="9" coveredstatements="0" conditionals="2" coveredconditionals="0" methods="2" coveredmethods="0"/>
      <file name="swagger.ts" path="/Users/ja.shuvro/workspace/project/backend/anycomp-server/src/config/swagger.ts">
        <metrics statements="9" coveredstatements="0" conditionals="2" coveredconditionals="0" methods="2" coveredmethods="0"/>
        <line num="1" count="0" type="stmt"/>
        <line num="3" count="0" type="stmt"/>
        <line num="5" count="0" type="stmt"/>
        <line num="140" count="0" type="stmt"/>
        <line num="145" count="0" type="stmt"/>
        <line num="147" count="0" type="stmt"/>
        <line num="150" count="0" type="stmt"/>
        <line num="151" count="0" type="stmt"/>
        <line num="152" count="0" type="stmt"/>
      </file>
    </package>
    <package name="src.controllers">
      <metrics statements="5" coveredstatements="5" conditionals="2" coveredconditionals="1" methods="1" coveredmethods="1"/>
      <file name="HealthController.ts" path="/Users/ja.shuvro/workspace/project/backend/anycomp-server/src/controllers/HealthController.ts">
        <metrics statements="5" coveredstatements="5" conditionals="2" coveredconditionals="1" methods="1" coveredmethods="1"/>
        <line num="2" count="1" type="stmt"/>
        <line num="3" count="1" type="stmt"/>
        <line num="39" count="1" type="stmt"/>
        <line num="44" count="5" type="stmt"/>
        <line num="51" count="5" type="stmt"/>
      </file>
    </package>
    <package name="src.middleware">
      <metrics statements="51" coveredstatements="49" conditionals="16" coveredconditionals="16" methods="8" coveredmethods="7"/>
      <file name="errorHandler.ts" path="/Users/ja.shuvro/workspace/project/backend/anycomp-server/src/middleware/errorHandler.ts">
        <metrics statements="16" coveredstatements="16" conditionals="7" coveredconditionals="7" methods="2" coveredmethods="2"/>
        <line num="10" count="2" type="stmt"/>
        <line num="15" count="7" type="stmt"/>
        <line num="16" count="7" type="stmt"/>
        <line num="17" count="7" type="stmt"/>
        <line num="18" count="7" type="stmt"/>
        <line num="22" count="2" type="stmt"/>
        <line num="28" count="6" type="stmt"/>
        <line num="29" count="6" type="cond" truecount="2" falsecount="0"/>
        <line num="30" count="6" type="cond" truecount="2" falsecount="0"/>
        <line num="32" count="6" type="stmt"/>
        <line num="38" count="6" type="cond" truecount="1" falsecount="0"/>
        <line num="39" count="1" type="stmt"/>
        <line num="43" count="6" type="stmt"/>
        <line num="44" count="6" type="cond" truecount="1" falsecount="0"/>
        <line num="45" count="1" type="stmt"/>
        <line num="48" count="6" type="stmt"/>
      </file>
      <file name="rateLimiter.ts" path="/Users/ja.shuvro/workspace/project/backend/anycomp-server/src/middleware/rateLimiter.ts">
        <metrics statements="4" coveredstatements="3" conditionals="4" coveredconditionals="4" methods="1" coveredmethods="0"/>
        <line num="1" count="1" type="stmt"/>
        <line num="7" count="1" type="stmt"/>
        <line num="22" count="0" type="stmt"/>
        <line num="38" count="1" type="stmt"/>
      </file>
      <file name="requestLogger.ts" path="/Users/ja.shuvro/workspace/project/backend/anycomp-server/src/middleware/requestLogger.ts">
        <metrics statements="15" coveredstatements="15" conditionals="4" coveredconditionals="4" methods="2" coveredmethods="2"/>
        <line num="2" count="1" type="stmt"/>
        <line num="8" count="1" type="stmt"/>
        <line num="9" count="7" type="stmt"/>
        <line num="12" count="7" type="stmt"/>
        <line num="15" count="7" type="stmt"/>
        <line num="16" count="7" type="stmt"/>
        <line num="17" count="5" type="stmt"/>
        <line num="18" count="5" type="stmt"/>
        <line num="20" count="5" type="cond" truecount="2" falsecount="0"/>
        <line num="21" count="1" type="stmt"/>
        <line num="22" count="4" type="cond" truecount="2" falsecount="0"/>
        <line num="23" count="1" type="stmt"/>
        <line num="25" count="3" type="stmt"/>
        <line num="28" count="5" type="stmt"/>
        <line num="31" count="7" type="stmt"/>
      </file>
      <file name="security.ts" path="/Users/ja.shuvro/workspace/project/backend/anycomp-server/src/middleware/security.ts">
        <metrics statements="2" coveredstatements="2" conditionals="0" coveredconditionals="0" methods="0" coveredmethods="0"/>
        <line num="1" count="1" type="stmt"/>
        <line num="7" count="1" type="stmt"/>
      </file>
      <file name="validateRequest.ts" path="/Users/ja.shuvro/workspace/project/backend/anycomp-server/src/middleware/validateRequest.ts">
        <metrics statements="14" coveredstatements="13" conditionals="1" coveredconditionals="1" methods="3" coveredmethods="3"/>
        <line num="2" count="1" type="stmt"/>
        <line num="3" count="1" type="stmt"/>
        <line num="4" count="1" type="stmt"/>
        <line num="8" count="1" type="stmt"/>
        <line num="9" count="6" type="stmt"/>
        <line num="10" count="6" type="stmt"/>
        <line num="12" count="6" type="stmt"/>
        <line num="15" count="6" type="stmt"/>
        <line num="17" count="6" type="cond" truecount="1" falsecount="0"/>
        <line num="19" count="6" type="stmt"/>
        <line num="24" count="4" type="stmt"/>
        <line num="32" count="2" type="stmt"/>
        <line num="33" count="2" type="stmt"/>
        <line num="35" count="0" type="stmt"/>
      </file>
    </package>
    <package name="src.routes">
      <metrics statements="10" coveredstatements="5" conditionals="0" coveredconditionals="0" methods="0" coveredmethods="0"/>
      <file name="healthRoutes.ts" path="/Users/ja.shuvro/workspace/project/backend/anycomp-server/src/routes/healthRoutes.ts">
        <metrics statements="5" coveredstatements="5" conditionals="0" coveredconditionals="0" methods="0" coveredmethods="0"/>
        <line num="1" count="1" type="stmt"/>
        <line num="2" count="1" type="stmt"/>
        <line num="4" count="1" type="stmt"/>
        <line num="9" count="1" type="stmt"/>
        <line num="11" count="1" type="stmt"/>
      </file>
      <file name="index.ts" path="/Users/ja.shuvro/workspace/project/backend/anycomp-server/src/routes/index.ts">
        <metrics statements="5" coveredstatements="0" conditionals="0" coveredconditionals="0" methods="0" coveredmethods="0"/>
        <line num="1" count="0" type="stmt"/>
        <line num="2" count="0" type="stmt"/>
        <line num="4" count="0" type="stmt"/>
        <line num="9" count="0" type="stmt"/>
        <line num="17" count="0" type="stmt"/>
      </file>
    </package>
    <package name="src.utils">
      <metrics statements="32" coveredstatements="32" conditionals="29" coveredconditionals="27" methods="8" coveredmethods="8"/>
      <file name="logger.ts" path="/Users/ja.shuvro/workspace/project/backend/anycomp-server/src/utils/logger.ts">
        <metrics statements="14" coveredstatements="14" conditionals="8" coveredconditionals="6" methods="2" coveredmethods="2"/>
        <line num="1" count="1" type="stmt"/>
        <line num="2" count="1" type="stmt"/>
        <line num="5" count="1" type="stmt"/>
        <line num="14" count="1" type="stmt"/>
        <line num="23" count="1" type="stmt"/>
        <line num="26" count="1" type="stmt"/>
        <line num="27" count="1" type="cond" truecount="1" falsecount="1"/>
        <line num="28" count="1" type="stmt"/>
        <line num="29" count="1" type="cond" truecount="1" falsecount="1"/>
        <line num="33" count="1" type="stmt"/>
        <line num="36" count="12" type="stmt"/>
        <line num="40" count="1" type="stmt"/>
        <line num="61" count="1" type="stmt"/>
        <line num="68" count="1" type="stmt"/>
      </file>
      <file name="pagination.helper.ts" path="/Users/ja.shuvro/workspace/project/backend/anycomp-server/src/utils/pagination.helper.ts">
        <metrics statements="9" coveredstatements="9" conditionals="10" coveredconditionals="10" methods="3" coveredmethods="3"/>
        <line num="14" count="1" type="stmt"/>
        <line num="18" count="16" type="cond" truecount="2" falsecount="0"/>
        <line num="19" count="16" type="cond" truecount="2" falsecount="0"/>
        <line num="21" count="16" type="stmt"/>
        <line num="30" count="1" type="stmt"/>
        <line num="31" count="9" type="stmt"/>
        <line num="37" count="1" type="stmt"/>
        <line num="42" count="8" type="stmt"/>
        <line num="44" count="8" type="stmt"/>
      </file>
      <file name="response.helper.ts" path="/Users/ja.shuvro/workspace/project/backend/anycomp-server/src/utils/response.helper.ts">
        <metrics statements="9" coveredstatements="9" conditionals="11" coveredconditionals="11" methods="3" coveredmethods="3"/>
        <line num="50" count="2" type="stmt"/>
        <line num="56" count="10" type="stmt"/>
        <line num="61" count="10" type="stmt"/>
        <line num="67" count="2" type="stmt"/>
        <line num="74" count="4" type="stmt"/>
        <line num="82" count="4" type="stmt"/>
        <line num="88" count="2" type="stmt"/>
        <line num="96" count="6" type="stmt"/>
        <line num="107" count="6" type="stmt"/>
      </file>
    </package>
  </project>
</coverage>
