{"/Users/ja.shuvro/workspace/project/backend/anycomp-server/src/data-source.ts": {"path":"/Users/ja.shuvro/workspace/project/backend/anycomp-server/src/data-source.ts","statementMap":{"0":{"start":{"line":1,"column":0},"end":{"line":1,"column":26}},"1":{"start":{"line":2,"column":0},"end":{"line":2,"column":37}},"2":{"start":{"line":3,"column":0},"end":{"line":3,"column":28}},"3":{"start":{"line":5,"column":0},"end":{"line":5,"column":16}},"4":{"start":{"line":7,"column":13},"end":{"line":23,"column":3}}},"fnMap":{},"branchMap":{"0":{"loc":{"start":{"line":9,"column":10},"end":{"line":9,"column":44}},"type":"binary-expr","locations":[{"start":{"line":9,"column":10},"end":{"line":9,"column":29}},{"start":{"line":9,"column":33},"end":{"line":9,"column":44}}]},"1":{"loc":{"start":{"line":10,"column":19},"end":{"line":10,"column":48}},"type":"binary-expr","locations":[{"start":{"line":10,"column":19},"end":{"line":10,"column":38}},{"start":{"line":10,"column":42},"end":{"line":10,"column":48}}]},"2":{"loc":{"start":{"line":11,"column":14},"end":{"line":11,"column":47}},"type":"binary-expr","locations":[{"start":{"line":11,"column":14},"end":{"line":11,"column":33}},{"start":{"line":11,"column":37},"end":{"line":11,"column":47}}]},"3":{"loc":{"start":{"line":12,"column":14},"end":{"line":12,"column":47}},"type":"binary-expr","locations":[{"start":{"line":12,"column":14},"end":{"line":12,"column":33}},{"start":{"line":12,"column":37},"end":{"line":12,"column":47}}]},"4":{"loc":{"start":{"line":13,"column":14},"end":{"line":13,"column":49}},"type":"binary-expr","locations":[{"start":{"line":13,"column":14},"end":{"line":13,"column":33}},{"start":{"line":13,"column":37},"end":{"line":13,"column":49}}]},"5":{"loc":{"start":{"line":20,"column":9},"end":{"line":22,"column":13}},"type":"cond-expr","locations":[{"start":{"line":20,"column":41},"end":{"line":22,"column":6}},{"start":{"line":22,"column":8},"end":{"line":22,"column":13}}]}},"s":{"0":1,"1":1,"2":1,"3":1,"4":1},"f":{},"b":{"0":[1,0],"1":[1,0],"2":[1,0],"3":[1,0],"4":[1,0],"5":[0,1]}}
,"/Users/ja.shuvro/workspace/project/backend/anycomp-server/src/config/swagger.ts": {"path":"/Users/ja.shuvro/workspace/project/backend/anycomp-server/src/config/swagger.ts","statementMap":{"0":{"start":{"line":1,"column":0},"end":{"line":1,"column":41}},"1":{"start":{"line":3,"column":0},"end":{"line":3,"column":43}},"2":{"start":{"line":5,"column":38},"end":{"line":138,"column":2}},"3":{"start":{"line":140,"column":20},"end":{"line":140,"column":41}},"4":{"start":{"line":145,"column":28},"end":{"line":154,"column":1}},"5":{"start":{"line":147,"column":4},"end":{"line":147,"column":72}},"6":{"start":{"line":150,"column":4},"end":{"line":153,"column":7}},"7":{"start":{"line":151,"column":8},"end":{"line":151,"column":58}},"8":{"start":{"line":152,"column":8},"end":{"line":152,"column":30}},"9":{"start":{"line":145,"column":13},"end":{"line":145,"column":28}}},"fnMap":{"0":{"name":"(anonymous_1)","decl":{"start":{"line":145,"column":28},"end":{"line":145,"column":29}},"loc":{"start":{"line":145,"column":55},"end":{"line":154,"column":1}}},"1":{"name":"(anonymous_2)","decl":{"start":{"line":150,"column":30},"end":{"line":150,"column":31}},"loc":{"start":{"line":150,"column":43},"end":{"line":153,"column":5}}}},"branchMap":{"0":{"loc":{"start":{"line":20,"column":41},"end":{"line":20,"column":69}},"type":"binary-expr","locations":[{"start":{"line":20,"column":41},"end":{"line":20,"column":61}},{"start":{"line":20,"column":65},"end":{"line":20,"column":69}}]}},"s":{"0":0,"1":0,"2":0,"3":0,"4":0,"5":0,"6":0,"7":0,"8":0,"9":0},"f":{"0":0,"1":0},"b":{"0":[0,0]}}
,"/Users/ja.shuvro/workspace/project/backend/anycomp-server/src/controllers/HealthController.ts": {"path":"/Users/ja.shuvro/workspace/project/backend/anycomp-server/src/controllers/HealthController.ts","statementMap":{"0":{"start":{"line":2,"column":0},"end":{"line":2,"column":47}},"1":{"start":{"line":3,"column":0},"end":{"line":3,"column":59}},"2":{"start":{"line":44,"column":27},"end":{"line":49,"column":10}},"3":{"start":{"line":51,"column":8},"end":{"line":51,"column":48}},"4":{"start":{"line":39,"column":0},"end":{"line":39,"column":13}}},"fnMap":{"0":{"name":"(anonymous_0)","decl":{"start":{"line":43,"column":4},"end":{"line":43,"column":10}},"loc":{"start":{"line":43,"column":50},"end":{"line":52,"column":5}}}},"branchMap":{"0":{"loc":{"start":{"line":48,"column":22},"end":{"line":48,"column":80}},"type":"cond-expr","locations":[{"start":{"line":48,"column":52},"end":{"line":48,"column":63}},{"start":{"line":48,"column":66},"end":{"line":48,"column":80}}]}},"s":{"0":1,"1":1,"2":5,"3":5,"4":1},"f":{"0":5},"b":{"0":[0,5]}}
,"/Users/ja.shuvro/workspace/project/backend/anycomp-server/src/middleware/errorHandler.ts": {"path":"/Users/ja.shuvro/workspace/project/backend/anycomp-server/src/middleware/errorHandler.ts","statementMap":{"0":{"start":{"line":15,"column":8},"end":{"line":15,"column":23}},"1":{"start":{"line":16,"column":8},"end":{"line":16,"column":37}},"2":{"start":{"line":17,"column":8},"end":{"line":17,"column":34}},"3":{"start":{"line":18,"column":8},"end":{"line":18,"column":56}},"4":{"start":{"line":10,"column":0},"end":{"line":10,"column":13}},"5":{"start":{"line":22,"column":28},"end":{"line":49,"column":1}},"6":{"start":{"line":28,"column":23},"end":{"line":28,"column":46}},"7":{"start":{"line":29,"column":23},"end":{"line":29,"column":56}},"8":{"start":{"line":30,"column":20},"end":{"line":30,"column":58}},"9":{"start":{"line":32,"column":41},"end":{"line":35,"column":6}},"10":{"start":{"line":38,"column":4},"end":{"line":40,"column":5}},"11":{"start":{"line":39,"column":8},"end":{"line":39,"column":40}},"12":{"start":{"line":43,"column":4},"end":{"line":43,"column":56}},"13":{"start":{"line":44,"column":4},"end":{"line":46,"column":5}},"14":{"start":{"line":45,"column":8},"end":{"line":45,"column":33}},"15":{"start":{"line":48,"column":4},"end":{"line":48,"column":47}},"16":{"start":{"line":22,"column":13},"end":{"line":22,"column":28}}},"fnMap":{"0":{"name":"(anonymous_0)","decl":{"start":{"line":14,"column":4},"end":{"line":14,"column":16}},"loc":{"start":{"line":14,"column":57},"end":{"line":19,"column":5}}},"1":{"name":"(anonymous_1)","decl":{"start":{"line":22,"column":28},"end":{"line":22,"column":null}},"loc":{"start":{"line":27,"column":4},"end":{"line":49,"column":1}}}},"branchMap":{"0":{"loc":{"start":{"line":14,"column":33},"end":{"line":14,"column":57}},"type":"default-arg","locations":[{"start":{"line":14,"column":54},"end":{"line":14,"column":57}}]},"1":{"loc":{"start":{"line":29,"column":23},"end":{"line":29,"column":56}},"type":"cond-expr","locations":[{"start":{"line":29,"column":36},"end":{"line":29,"column":50}},{"start":{"line":29,"column":53},"end":{"line":29,"column":56}}]},"2":{"loc":{"start":{"line":30,"column":20},"end":{"line":30,"column":58}},"type":"binary-expr","locations":[{"start":{"line":30,"column":20},"end":{"line":30,"column":31}},{"start":{"line":30,"column":35},"end":{"line":30,"column":58}}]},"3":{"loc":{"start":{"line":38,"column":4},"end":{"line":40,"column":5}},"type":"if","locations":[{"start":{"line":38,"column":4},"end":{"line":40,"column":5}}]},"4":{"loc":{"start":{"line":44,"column":4},"end":{"line":46,"column":5}},"type":"if","locations":[{"start":{"line":44,"column":4},"end":{"line":46,"column":5}}]}},"s":{"0":7,"1":7,"2":7,"3":7,"4":2,"5":2,"6":6,"7":6,"8":6,"9":6,"10":6,"11":1,"12":6,"13":6,"14":1,"15":6,"16":2},"f":{"0":7,"1":6},"b":{"0":[2],"1":[4,2],"2":[6,1],"3":[1],"4":[1]}}
,"/Users/ja.shuvro/workspace/project/backend/anycomp-server/src/middleware/rateLimiter.ts": {"path":"/Users/ja.shuvro/workspace/project/backend/anycomp-server/src/middleware/rateLimiter.ts","statementMap":{"0":{"start":{"line":1,"column":0},"end":{"line":1,"column":43}},"1":{"start":{"line":7,"column":13},"end":{"line":33,"column":3}},"2":{"start":{"line":22,"column":8},"end":{"line":31,"column":11}},"3":{"start":{"line":38,"column":13},"end":{"line":52,"column":3}}},"fnMap":{"0":{"name":"(anonymous_1)","decl":{"start":{"line":21,"column":13},"end":{"line":21,"column":14}},"loc":{"start":{"line":21,"column":26},"end":{"line":32,"column":5}}}},"branchMap":{"0":{"loc":{"start":{"line":8,"column":23},"end":{"line":8,"column":67}},"type":"binary-expr","locations":[{"start":{"line":8,"column":23},"end":{"line":8,"column":55}},{"start":{"line":8,"column":59},"end":{"line":8,"column":67}}]},"1":{"loc":{"start":{"line":9,"column":18},"end":{"line":9,"column":62}},"type":"binary-expr","locations":[{"start":{"line":9,"column":18},"end":{"line":9,"column":53}},{"start":{"line":9,"column":57},"end":{"line":9,"column":62}}]}},"s":{"0":1,"1":1,"2":0,"3":1},"f":{"0":0},"b":{"0":[1,1],"1":[1,1]}}
,"/Users/ja.shuvro/workspace/project/backend/anycomp-server/src/middleware/requestLogger.ts": {"path":"/Users/ja.shuvro/workspace/project/backend/anycomp-server/src/middleware/requestLogger.ts","statementMap":{"0":{"start":{"line":2,"column":0},"end":{"line":2,"column":37}},"1":{"start":{"line":8,"column":29},"end":{"line":32,"column":1}},"2":{"start":{"line":9,"column":18},"end":{"line":9,"column":28}},"3":{"start":{"line":12,"column":4},"end":{"line":12,"column":61}},"4":{"start":{"line":15,"column":25},"end":{"line":15,"column":43}},"5":{"start":{"line":16,"column":4},"end":{"line":29,"column":6}},"6":{"start":{"line":17,"column":25},"end":{"line":17,"column":43}},"7":{"start":{"line":18,"column":27},"end":{"line":18,"column":97}},"8":{"start":{"line":20,"column":8},"end":{"line":26,"column":9}},"9":{"start":{"line":21,"column":12},"end":{"line":21,"column":37}},"10":{"start":{"line":22,"column":15},"end":{"line":26,"column":9}},"11":{"start":{"line":23,"column":12},"end":{"line":23,"column":36}},"12":{"start":{"line":25,"column":12},"end":{"line":25,"column":36}},"13":{"start":{"line":28,"column":8},"end":{"line":28,"column":34}},"14":{"start":{"line":31,"column":4},"end":{"line":31,"column":11}},"15":{"start":{"line":8,"column":13},"end":{"line":8,"column":29}}},"fnMap":{"0":{"name":"(anonymous_1)","decl":{"start":{"line":8,"column":29},"end":{"line":8,"column":30}},"loc":{"start":{"line":8,"column":81},"end":{"line":32,"column":1}}},"1":{"name":"(anonymous_2)","decl":{"start":{"line":16,"column":15},"end":{"line":16,"column":25}},"loc":{"start":{"line":16,"column":34},"end":{"line":29,"column":5}}}},"branchMap":{"0":{"loc":{"start":{"line":20,"column":8},"end":{"line":26,"column":9}},"type":"if","locations":[{"start":{"line":20,"column":8},"end":{"line":26,"column":9}},{"start":{"line":22,"column":15},"end":{"line":26,"column":9}}]},"1":{"loc":{"start":{"line":22,"column":15},"end":{"line":26,"column":9}},"type":"if","locations":[{"start":{"line":22,"column":15},"end":{"line":26,"column":9}},{"start":{"line":24,"column":15},"end":{"line":26,"column":9}}]}},"s":{"0":1,"1":1,"2":7,"3":7,"4":7,"5":7,"6":5,"7":5,"8":5,"9":1,"10":4,"11":1,"12":3,"13":5,"14":7,"15":1},"f":{"0":7,"1":5},"b":{"0":[1,4],"1":[1,3]}}
,"/Users/ja.shuvro/workspace/project/backend/anycomp-server/src/middleware/security.ts": {"path":"/Users/ja.shuvro/workspace/project/backend/anycomp-server/src/middleware/security.ts","statementMap":{"0":{"start":{"line":1,"column":0},"end":{"line":1,"column":28}},"1":{"start":{"line":7,"column":13},"end":{"line":18,"column":3}}},"fnMap":{},"branchMap":{},"s":{"0":1,"1":1},"f":{},"b":{}}
,"/Users/ja.shuvro/workspace/project/backend/anycomp-server/src/middleware/validateRequest.ts": {"path":"/Users/ja.shuvro/workspace/project/backend/anycomp-server/src/middleware/validateRequest.ts","statementMap":{"0":{"start":{"line":2,"column":0},"end":{"line":2,"column":52}},"1":{"start":{"line":3,"column":0},"end":{"line":3,"column":60}},"2":{"start":{"line":4,"column":0},"end":{"line":4,"column":42}},"3":{"start":{"line":8,"column":31},"end":{"line":38,"column":1}},"4":{"start":{"line":9,"column":4},"end":{"line":37,"column":6}},"5":{"start":{"line":10,"column":8},"end":{"line":36,"column":9}},"6":{"start":{"line":12,"column":32},"end":{"line":12,"column":67}},"7":{"start":{"line":15,"column":46},"end":{"line":15,"column":73}},"8":{"start":{"line":17,"column":12},"end":{"line":29,"column":13}},"9":{"start":{"line":19,"column":40},"end":{"line":22,"column":19}},"10":{"start":{"line":19,"column":63},"end":{"line":22,"column":18}},"11":{"start":{"line":24,"column":16},"end":{"line":28,"column":19}},"12":{"start":{"line":32,"column":12},"end":{"line":32,"column":35}},"13":{"start":{"line":33,"column":12},"end":{"line":33,"column":19}},"14":{"start":{"line":35,"column":12},"end":{"line":35,"column":56}},"15":{"start":{"line":8,"column":13},"end":{"line":8,"column":31}}},"fnMap":{"0":{"name":"(anonymous_0)","decl":{"start":{"line":8,"column":31},"end":{"line":8,"column":32}},"loc":{"start":{"line":8,"column":57},"end":{"line":38,"column":1}}},"1":{"name":"(anonymous_1)","decl":{"start":{"line":9,"column":11},"end":{"line":9,"column":16}},"loc":{"start":{"line":9,"column":69},"end":{"line":37,"column":5}}},"2":{"name":"(anonymous_2)","decl":{"start":{"line":19,"column":51},"end":{"line":19,"column":52}},"loc":{"start":{"line":19,"column":63},"end":{"line":22,"column":18}}}},"branchMap":{"0":{"loc":{"start":{"line":17,"column":12},"end":{"line":29,"column":13}},"type":"if","locations":[{"start":{"line":17,"column":12},"end":{"line":29,"column":13}}]}},"s":{"0":1,"1":1,"2":1,"3":1,"4":6,"5":6,"6":6,"7":6,"8":6,"9":4,"10":6,"11":4,"12":2,"13":2,"14":0,"15":1},"f":{"0":6,"1":6,"2":6},"b":{"0":[4]}}
,"/Users/ja.shuvro/workspace/project/backend/anycomp-server/src/routes/healthRoutes.ts": {"path":"/Users/ja.shuvro/workspace/project/backend/anycomp-server/src/routes/healthRoutes.ts","statementMap":{"0":{"start":{"line":1,"column":0},"end":{"line":1,"column":33}},"1":{"start":{"line":2,"column":0},"end":{"line":2,"column":67}},"2":{"start":{"line":4,"column":15},"end":{"line":4,"column":23}},"3":{"start":{"line":9,"column":0},"end":{"line":9,"column":46}},"4":{"start":{"line":11,"column":0},"end":{"line":11,"column":22}}},"fnMap":{},"branchMap":{},"s":{"0":1,"1":1,"2":1,"3":1,"4":1},"f":{},"b":{}}
,"/Users/ja.shuvro/workspace/project/backend/anycomp-server/src/routes/index.ts": {"path":"/Users/ja.shuvro/workspace/project/backend/anycomp-server/src/routes/index.ts","statementMap":{"0":{"start":{"line":1,"column":0},"end":{"line":1,"column":33}},"1":{"start":{"line":2,"column":0},"end":{"line":2,"column":42}},"2":{"start":{"line":4,"column":15},"end":{"line":4,"column":23}},"3":{"start":{"line":9,"column":0},"end":{"line":9,"column":32}},"4":{"start":{"line":17,"column":0},"end":{"line":17,"column":22}}},"fnMap":{},"branchMap":{},"s":{"0":0,"1":0,"2":0,"3":0,"4":0},"f":{},"b":{}}
,"/Users/ja.shuvro/workspace/project/backend/anycomp-server/src/utils/logger.ts": {"path":"/Users/ja.shuvro/workspace/project/backend/anycomp-server/src/utils/logger.ts","statementMap":{"0":{"start":{"line":1,"column":0},"end":{"line":1,"column":30}},"1":{"start":{"line":2,"column":0},"end":{"line":2,"column":24}},"2":{"start":{"line":5,"column":15},"end":{"line":11,"column":2}},"3":{"start":{"line":14,"column":15},"end":{"line":20,"column":2}},"4":{"start":{"line":23,"column":0},"end":{"line":23,"column":26}},"5":{"start":{"line":26,"column":14},"end":{"line":30,"column":1}},"6":{"start":{"line":27,"column":16},"end":{"line":27,"column":53}},"7":{"start":{"line":28,"column":26},"end":{"line":28,"column":47}},"8":{"start":{"line":29,"column":4},"end":{"line":29,"column":44}},"9":{"start":{"line":33,"column":15},"end":{"line":36,"column":null}},"10":{"start":{"line":36,"column":36},"end":{"line":36,"column":86}},"11":{"start":{"line":40,"column":19},"end":{"line":58,"column":2}},"12":{"start":{"line":61,"column":15},"end":{"line":66,"column":2}},"13":{"start":{"line":68,"column":0},"end":{"line":68,"column":22}}},"fnMap":{"0":{"name":"(anonymous_1)","decl":{"start":{"line":26,"column":14},"end":{"line":26,"column":17}},"loc":{"start":{"line":26,"column":19},"end":{"line":30,"column":1}}},"1":{"name":"(anonymous_2)","decl":{"start":{"line":36,"column":26},"end":{"line":36,"column":27}},"loc":{"start":{"line":36,"column":36},"end":{"line":36,"column":86}}}},"branchMap":{"0":{"loc":{"start":{"line":27,"column":16},"end":{"line":27,"column":53}},"type":"binary-expr","locations":[{"start":{"line":27,"column":16},"end":{"line":27,"column":36}},{"start":{"line":27,"column":40},"end":{"line":27,"column":53}}]},"1":{"loc":{"start":{"line":29,"column":11},"end":{"line":29,"column":43}},"type":"cond-expr","locations":[{"start":{"line":29,"column":27},"end":{"line":29,"column":34}},{"start":{"line":29,"column":37},"end":{"line":29,"column":43}}]},"2":{"loc":{"start":{"line":46,"column":28},"end":{"line":46,"column":65}},"type":"binary-expr","locations":[{"start":{"line":46,"column":28},"end":{"line":46,"column":53}},{"start":{"line":46,"column":57},"end":{"line":46,"column":65}}]},"3":{"loc":{"start":{"line":53,"column":28},"end":{"line":53,"column":65}},"type":"binary-expr","locations":[{"start":{"line":53,"column":28},"end":{"line":53,"column":53}},{"start":{"line":53,"column":57},"end":{"line":53,"column":65}}]}},"s":{"0":1,"1":1,"2":1,"3":1,"4":1,"5":1,"6":1,"7":1,"8":1,"9":1,"10":12,"11":1,"12":1,"13":1},"f":{"0":1,"1":12},"b":{"0":[1,0],"1":[0,1],"2":[1,1],"3":[1,1]}}
,"/Users/ja.shuvro/workspace/project/backend/anycomp-server/src/utils/pagination.helper.ts": {"path":"/Users/ja.shuvro/workspace/project/backend/anycomp-server/src/utils/pagination.helper.ts","statementMap":{"0":{"start":{"line":14,"column":37},"end":{"line":25,"column":1}},"1":{"start":{"line":18,"column":23},"end":{"line":18,"column":56}},"2":{"start":{"line":19,"column":24},"end":{"line":19,"column":59}},"3":{"start":{"line":21,"column":4},"end":{"line":24,"column":6}},"4":{"start":{"line":14,"column":13},"end":{"line":14,"column":37}},"5":{"start":{"line":30,"column":31},"end":{"line":32,"column":1}},"6":{"start":{"line":31,"column":4},"end":{"line":31,"column":30}},"7":{"start":{"line":30,"column":13},"end":{"line":30,"column":31}},"8":{"start":{"line":37,"column":38},"end":{"line":52,"column":1}},"9":{"start":{"line":42,"column":23},"end":{"line":42,"column":59}},"10":{"start":{"line":44,"column":4},"end":{"line":51,"column":6}},"11":{"start":{"line":37,"column":13},"end":{"line":37,"column":38}}},"fnMap":{"0":{"name":"(anonymous_0)","decl":{"start":{"line":14,"column":37},"end":{"line":14,"column":null}},"loc":{"start":{"line":17,"column":22},"end":{"line":25,"column":1}}},"1":{"name":"(anonymous_1)","decl":{"start":{"line":30,"column":31},"end":{"line":30,"column":32}},"loc":{"start":{"line":30,"column":71},"end":{"line":32,"column":1}}},"2":{"name":"(anonymous_2)","decl":{"start":{"line":37,"column":38},"end":{"line":37,"column":null}},"loc":{"start":{"line":41,"column":20},"end":{"line":52,"column":1}}}},"branchMap":{"0":{"loc":{"start":{"line":18,"column":39},"end":{"line":18,"column":50}},"type":"binary-expr","locations":[{"start":{"line":18,"column":39},"end":{"line":18,"column":43}},{"start":{"line":18,"column":47},"end":{"line":18,"column":50}}]},"1":{"loc":{"start":{"line":19,"column":40},"end":{"line":19,"column":53}},"type":"binary-expr","locations":[{"start":{"line":19,"column":40},"end":{"line":19,"column":45}},{"start":{"line":19,"column":49},"end":{"line":19,"column":53}}]},"2":{"loc":{"start":{"line":22,"column":14},"end":{"line":22,"column":45}},"type":"cond-expr","locations":[{"start":{"line":22,"column":31},"end":{"line":22,"column":41}},{"start":{"line":22,"column":44},"end":{"line":22,"column":45}}]},"3":{"loc":{"start":{"line":23,"column":15},"end":{"line":23,"column":71}},"type":"cond-expr","locations":[{"start":{"line":23,"column":55},"end":{"line":23,"column":66}},{"start":{"line":23,"column":69},"end":{"line":23,"column":71}}]},"4":{"loc":{"start":{"line":23,"column":15},"end":{"line":23,"column":52}},"type":"binary-expr","locations":[{"start":{"line":23,"column":15},"end":{"line":23,"column":30}},{"start":{"line":23,"column":34},"end":{"line":23,"column":52}}]}},"s":{"0":1,"1":16,"2":16,"3":16,"4":1,"5":1,"6":9,"7":1,"8":1,"9":8,"10":8,"11":1},"f":{"0":16,"1":9,"2":8},"b":{"0":[16,2],"1":[16,2],"2":[12,4],"3":[11,5],"4":[16,12]}}
,"/Users/ja.shuvro/workspace/project/backend/anycomp-server/src/utils/response.helper.ts": {"path":"/Users/ja.shuvro/workspace/project/backend/anycomp-server/src/utils/response.helper.ts","statementMap":{"0":{"start":{"line":50,"column":31},"end":{"line":62,"column":1}},"1":{"start":{"line":56,"column":41},"end":{"line":60,"column":6}},"2":{"start":{"line":61,"column":4},"end":{"line":61,"column":49}},"3":{"start":{"line":50,"column":13},"end":{"line":50,"column":31}},"4":{"start":{"line":67,"column":33},"end":{"line":83,"column":1}},"5":{"start":{"line":74,"column":56},"end":{"line":81,"column":6}},"6":{"start":{"line":82,"column":4},"end":{"line":82,"column":49}},"7":{"start":{"line":67,"column":13},"end":{"line":67,"column":33}},"8":{"start":{"line":88,"column":29},"end":{"line":108,"column":1}},"9":{"start":{"line":96,"column":36},"end":{"line":106,"column":6}},"10":{"start":{"line":107,"column":4},"end":{"line":107,"column":49}},"11":{"start":{"line":88,"column":13},"end":{"line":88,"column":29}}},"fnMap":{"0":{"name":"(anonymous_0)","decl":{"start":{"line":50,"column":31},"end":{"line":50,"column":null}},"loc":{"start":{"line":55,"column":14},"end":{"line":62,"column":1}}},"1":{"name":"(anonymous_1)","decl":{"start":{"line":67,"column":33},"end":{"line":67,"column":null}},"loc":{"start":{"line":73,"column":14},"end":{"line":83,"column":1}}},"2":{"name":"(anonymous_2)","decl":{"start":{"line":88,"column":29},"end":{"line":88,"column":null}},"loc":{"start":{"line":95,"column":14},"end":{"line":108,"column":1}}}},"branchMap":{"0":{"loc":{"start":{"line":54,"column":4},"end":{"line":54,"column":28}},"type":"default-arg","locations":[{"start":{"line":54,"column":25},"end":{"line":54,"column":28}}]},"1":{"loc":{"start":{"line":59,"column":12},"end":{"line":59,"column":34}},"type":"binary-expr","locations":[{"start":{"line":59,"column":12},"end":{"line":59,"column":19}},{"start":{"line":59,"column":23},"end":{"line":59,"column":34}}]},"2":{"loc":{"start":{"line":72,"column":4},"end":{"line":72,"column":28}},"type":"default-arg","locations":[{"start":{"line":72,"column":25},"end":{"line":72,"column":28}}]},"3":{"loc":{"start":{"line":80,"column":12},"end":{"line":80,"column":34}},"type":"binary-expr","locations":[{"start":{"line":80,"column":12},"end":{"line":80,"column":19}},{"start":{"line":80,"column":23},"end":{"line":80,"column":34}}]},"4":{"loc":{"start":{"line":92,"column":4},"end":{"line":92,"column":28}},"type":"default-arg","locations":[{"start":{"line":92,"column":25},"end":{"line":92,"column":28}}]},"5":{"loc":{"start":{"line":103,"column":16},"end":{"line":103,"column":32}},"type":"binary-expr","locations":[{"start":{"line":103,"column":16},"end":{"line":103,"column":20}},{"start":{"line":103,"column":24},"end":{"line":103,"column":32}}]},"6":{"loc":{"start":{"line":104,"column":16},"end":{"line":104,"column":38}},"type":"binary-expr","locations":[{"start":{"line":104,"column":16},"end":{"line":104,"column":23}},{"start":{"line":104,"column":27},"end":{"line":104,"column":38}}]}},"s":{"0":2,"1":10,"2":10,"3":2,"4":2,"5":4,"6":4,"7":2,"8":2,"9":6,"10":6,"11":2},"f":{"0":10,"1":4,"2":6},"b":{"0":[9],"1":[10,1],"2":[3],"3":[4,1],"4":[2],"5":[6,2],"6":[6,2]}}
}
