TN:
SF:src/data-source.ts
FNF:0
FNH:0
DA:1,1
DA:2,1
DA:3,1
DA:5,1
DA:7,1
LF:5
LH:5
BRDA:9,0,0,1
BRDA:9,0,1,0
BRDA:10,1,0,1
BRDA:10,1,1,0
BRDA:11,2,0,1
BRDA:11,2,1,0
BRDA:12,3,0,1
BRDA:12,3,1,0
BRDA:13,4,0,1
BRDA:13,4,1,0
BRDA:20,5,0,0
BRDA:20,5,1,1
BRF:12
BRH:6
end_of_record
TN:
SF:src/config/swagger.ts
FN:145,(anonymous_1)
FN:150,(anonymous_2)
FNF:2
FNH:0
FNDA:0,(anonymous_1)
FNDA:0,(anonymous_2)
DA:1,0
DA:3,0
DA:5,0
DA:140,0
DA:145,0
DA:147,0
DA:150,0
DA:151,0
DA:152,0
LF:9
LH:0
BRDA:20,0,0,0
BRDA:20,0,1,0
BRF:2
BRH:0
end_of_record
TN:
SF:src/controllers/HealthController.ts
FN:43,(anonymous_0)
FNF:1
FNH:1
FNDA:5,(anonymous_0)
DA:2,1
DA:3,1
DA:39,1
DA:44,5
DA:51,5
LF:5
LH:5
BRDA:48,0,0,0
BRDA:48,0,1,5
BRF:2
BRH:1
end_of_record
TN:
SF:src/middleware/errorHandler.ts
FN:14,(anonymous_0)
FN:22,(anonymous_1)
FNF:2
FNH:2
FNDA:7,(anonymous_0)
FNDA:6,(anonymous_1)
DA:10,2
DA:15,7
DA:16,7
DA:17,7
DA:18,7
DA:22,2
DA:28,6
DA:29,6
DA:30,6
DA:32,6
DA:38,6
DA:39,1
DA:43,6
DA:44,6
DA:45,1
DA:48,6
LF:16
LH:16
BRDA:14,0,0,2
BRDA:29,1,0,4
BRDA:29,1,1,2
BRDA:30,2,0,6
BRDA:30,2,1,1
BRDA:38,3,0,1
BRDA:44,4,0,1
BRF:7
BRH:7
end_of_record
TN:
SF:src/middleware/rateLimiter.ts
FN:21,(anonymous_1)
FNF:1
FNH:0
FNDA:0,(anonymous_1)
DA:1,1
DA:7,1
DA:22,0
DA:38,1
LF:4
LH:3
BRDA:8,0,0,1
BRDA:8,0,1,1
BRDA:9,1,0,1
BRDA:9,1,1,1
BRF:4
BRH:4
end_of_record
TN:
SF:src/middleware/requestLogger.ts
FN:8,(anonymous_1)
FN:16,(anonymous_2)
FNF:2
FNH:2
FNDA:7,(anonymous_1)
FNDA:5,(anonymous_2)
DA:2,1
DA:8,1
DA:9,7
DA:12,7
DA:15,7
DA:16,7
DA:17,5
DA:18,5
DA:20,5
DA:21,1
DA:22,4
DA:23,1
DA:25,3
DA:28,5
DA:31,7
LF:15
LH:15
BRDA:20,0,0,1
BRDA:20,0,1,4
BRDA:22,1,0,1
BRDA:22,1,1,3
BRF:4
BRH:4
end_of_record
TN:
SF:src/middleware/security.ts
FNF:0
FNH:0
DA:1,1
DA:7,1
LF:2
LH:2
BRF:0
BRH:0
end_of_record
TN:
SF:src/middleware/validateRequest.ts
FN:8,(anonymous_0)
FN:9,(anonymous_1)
FN:19,(anonymous_2)
FNF:3
FNH:3
FNDA:6,(anonymous_0)
FNDA:6,(anonymous_1)
FNDA:6,(anonymous_2)
DA:2,1
DA:3,1
DA:4,1
DA:8,1
DA:9,6
DA:10,6
DA:12,6
DA:15,6
DA:17,6
DA:19,6
DA:24,4
DA:32,2
DA:33,2
DA:35,0
LF:14
LH:13
BRDA:17,0,0,4
BRF:1
BRH:1
end_of_record
TN:
SF:src/routes/healthRoutes.ts
FNF:0
FNH:0
DA:1,1
DA:2,1
DA:4,1
DA:9,1
DA:11,1
LF:5
LH:5
BRF:0
BRH:0
end_of_record
TN:
SF:src/routes/index.ts
FNF:0
FNH:0
DA:1,0
DA:2,0
DA:4,0
DA:9,0
DA:17,0
LF:5
LH:0
BRF:0
BRH:0
end_of_record
TN:
SF:src/utils/logger.ts
FN:26,(anonymous_1)
FN:36,(anonymous_2)
FNF:2
FNH:2
FNDA:1,(anonymous_1)
FNDA:12,(anonymous_2)
DA:1,1
DA:2,1
DA:5,1
DA:14,1
DA:23,1
DA:26,1
DA:27,1
DA:28,1
DA:29,1
DA:33,1
DA:36,12
DA:40,1
DA:61,1
DA:68,1
LF:14
LH:14
BRDA:27,0,0,1
BRDA:27,0,1,0
BRDA:29,1,0,0
BRDA:29,1,1,1
BRDA:46,2,0,1
BRDA:46,2,1,1
BRDA:53,3,0,1
BRDA:53,3,1,1
BRF:8
BRH:6
end_of_record
TN:
SF:src/utils/pagination.helper.ts
FN:14,(anonymous_0)
FN:30,(anonymous_1)
FN:37,(anonymous_2)
FNF:3
FNH:3
FNDA:16,(anonymous_0)
FNDA:9,(anonymous_1)
FNDA:8,(anonymous_2)
DA:14,1
DA:18,16
DA:19,16
DA:21,16
DA:30,1
DA:31,9
DA:37,1
DA:42,8
DA:44,8
LF:9
LH:9
BRDA:18,0,0,16
BRDA:18,0,1,2
BRDA:19,1,0,16
BRDA:19,1,1,2
BRDA:22,2,0,12
BRDA:22,2,1,4
BRDA:23,3,0,11
BRDA:23,3,1,5
BRDA:23,4,0,16
BRDA:23,4,1,12
BRF:10
BRH:10
end_of_record
TN:
SF:src/utils/response.helper.ts
FN:50,(anonymous_0)
FN:67,(anonymous_1)
FN:88,(anonymous_2)
FNF:3
FNH:3
FNDA:10,(anonymous_0)
FNDA:4,(anonymous_1)
FNDA:6,(anonymous_2)
DA:50,2
DA:56,10
DA:61,10
DA:67,2
DA:74,4
DA:82,4
DA:88,2
DA:96,6
DA:107,6
LF:9
LH:9
BRDA:54,0,0,9
BRDA:59,1,0,10
BRDA:59,1,1,1
BRDA:72,2,0,3
BRDA:80,3,0,4
BRDA:80,3,1,1
BRDA:92,4,0,2
BRDA:103,5,0,6
BRDA:103,5,1,2
BRDA:104,6,0,6
BRDA:104,6,1,2
BRF:11
BRH:11
end_of_record
